[10-Jun-2021 07:47:39 UTC] PHP Warning:  Declaration of Jet_Plugins_Wizard_Plugin_Upgrader_Skin::feedback($string) should be compatible with WP_Upgrader_Skin::feedback($string, ...$args) in C:\Users\scarl\Local Sites\giteaureille\app\public\wp-content\plugins\jet-plugins-wizard\includes\class-jet-plugins-wizard-plugin-upgrader-skin.php on line 0
[10-Jun-2021 07:47:39 UTC] PHP Stack trace:
[10-Jun-2021 07:47:39 UTC] PHP   1. {main}() C:\Users\scarl\Local Sites\giteaureille\app\public\wp-admin\admin-ajax.php:0
[10-Jun-2021 07:47:39 UTC] PHP   2. do_action() C:\Users\scarl\Local Sites\giteaureille\app\public\wp-admin\admin-ajax.php:187
[10-Jun-2021 07:47:39 UTC] PHP   3. WP_Hook->do_action() C:\Users\scarl\Local Sites\giteaureille\app\public\wp-includes\plugin.php:484
[10-Jun-2021 07:47:39 UTC] PHP   4. WP_Hook->apply_filters() C:\Users\scarl\Local Sites\giteaureille\app\public\wp-includes\class-wp-hook.php:316
[10-Jun-2021 07:47:39 UTC] PHP   5. Jet_Plugins_Wizard_Installer->install_plugin() C:\Users\scarl\Local Sites\giteaureille\app\public\wp-includes\class-wp-hook.php:292
[10-Jun-2021 07:47:39 UTC] PHP   6. Jet_Plugins_Wizard_Installer->do_plugin_install() C:\Users\scarl\Local Sites\giteaureille\app\public\wp-content\plugins\jet-plugins-wizard\includes\class-jet-plugins-wizard-installer.php:91
[10-Jun-2021 07:47:39 UTC] PHP   7. Jet_Plugins_Wizard_Installer->dependencies() C:\Users\scarl\Local Sites\giteaureille\app\public\wp-content\plugins\jet-plugins-wizard\includes\class-jet-plugins-wizard-installer.php:341
[10-Jun-2021 07:47:45 UTC] PHP Warning:  Declaration of Jet_Plugins_Wizard_Plugin_Upgrader_Skin::feedback($string) should be compatible with WP_Upgrader_Skin::feedback($string, ...$args) in C:\Users\scarl\Local Sites\giteaureille\app\public\wp-content\plugins\jet-plugins-wizard\includes\class-jet-plugins-wizard-plugin-upgrader-skin.php on line 0
[10-Jun-2021 07:47:45 UTC] PHP Stack trace:
[10-Jun-2021 07:47:45 UTC] PHP   1. {main}() C:\Users\scarl\Local Sites\giteaureille\app\public\wp-admin\admin-ajax.php:0
[10-Jun-2021 07:47:45 UTC] PHP   2. do_action() C:\Users\scarl\Local Sites\giteaureille\app\public\wp-admin\admin-ajax.php:187
[10-Jun-2021 07:47:45 UTC] PHP   3. WP_Hook->do_action() C:\Users\scarl\Local Sites\giteaureille\app\public\wp-includes\plugin.php:484
[10-Jun-2021 07:47:45 UTC] PHP   4. WP_Hook->apply_filters() C:\Users\scarl\Local Sites\giteaureille\app\public\wp-includes\class-wp-hook.php:316
[10-Jun-2021 07:47:45 UTC] PHP   5. Jet_Plugins_Wizard_Installer->install_plugin() C:\Users\scarl\Local Sites\giteaureille\app\public\wp-includes\class-wp-hook.php:292
[10-Jun-2021 07:47:45 UTC] PHP   6. Jet_Plugins_Wizard_Installer->do_plugin_install() C:\Users\scarl\Local Sites\giteaureille\app\public\wp-content\plugins\jet-plugins-wizard\includes\class-jet-plugins-wizard-installer.php:91
[10-Jun-2021 07:47:45 UTC] PHP   7. Jet_Plugins_Wizard_Installer->dependencies() C:\Users\scarl\Local Sites\giteaureille\app\public\wp-content\plugins\jet-plugins-wizard\includes\class-jet-plugins-wizard-installer.php:341
[10-Jun-2021 08:32:40 UTC] PHP Warning:  Declaration of Jet_Plugins_Wizard_Plugin_Upgrader_Skin::feedback($string) should be compatible with WP_Upgrader_Skin::feedback($string, ...$args) in C:\Users\scarl\Local Sites\giteaureille\app\public\wp-content\plugins\jet-plugins-wizard\includes\class-jet-plugins-wizard-plugin-upgrader-skin.php on line 0
[10-Jun-2021 08:32:40 UTC] PHP Stack trace:
[10-Jun-2021 08:32:40 UTC] PHP   1. {main}() C:\Users\scarl\Local Sites\giteaureille\app\public\wp-admin\admin-ajax.php:0
[10-Jun-2021 08:32:40 UTC] PHP   2. do_action() C:\Users\scarl\Local Sites\giteaureille\app\public\wp-admin\admin-ajax.php:187
[10-Jun-2021 08:32:40 UTC] PHP   3. WP_Hook->do_action() C:\Users\scarl\Local Sites\giteaureille\app\public\wp-includes\plugin.php:484
[10-Jun-2021 08:32:40 UTC] PHP   4. WP_Hook->apply_filters() C:\Users\scarl\Local Sites\giteaureille\app\public\wp-includes\class-wp-hook.php:316
[10-Jun-2021 08:32:40 UTC] PHP   5. Jet_Plugins_Wizard_Installer->install_plugin() C:\Users\scarl\Local Sites\giteaureille\app\public\wp-includes\class-wp-hook.php:292
[10-Jun-2021 08:32:40 UTC] PHP   6. Jet_Plugins_Wizard_Installer->do_plugin_install() C:\Users\scarl\Local Sites\giteaureille\app\public\wp-content\plugins\jet-plugins-wizard\includes\class-jet-plugins-wizard-installer.php:91
[10-Jun-2021 08:32:40 UTC] PHP   7. Jet_Plugins_Wizard_Installer->dependencies() C:\Users\scarl\Local Sites\giteaureille\app\public\wp-content\plugins\jet-plugins-wizard\includes\class-jet-plugins-wizard-installer.php:341
[10-Jun-2021 08:32:48 UTC] PHP Warning:  Declaration of Jet_Plugins_Wizard_Plugin_Upgrader_Skin::feedback($string) should be compatible with WP_Upgrader_Skin::feedback($string, ...$args) in C:\Users\scarl\Local Sites\giteaureille\app\public\wp-content\plugins\jet-plugins-wizard\includes\class-jet-plugins-wizard-plugin-upgrader-skin.php on line 0
[10-Jun-2021 08:32:48 UTC] PHP Stack trace:
[10-Jun-2021 08:32:48 UTC] PHP   1. {main}() C:\Users\scarl\Local Sites\giteaureille\app\public\wp-admin\admin-ajax.php:0
[10-Jun-2021 08:32:48 UTC] PHP   2. do_action() C:\Users\scarl\Local Sites\giteaureille\app\public\wp-admin\admin-ajax.php:187
[10-Jun-2021 08:32:48 UTC] PHP   3. WP_Hook->do_action() C:\Users\scarl\Local Sites\giteaureille\app\public\wp-includes\plugin.php:484
[10-Jun-2021 08:32:48 UTC] PHP   4. WP_Hook->apply_filters() C:\Users\scarl\Local Sites\giteaureille\app\public\wp-includes\class-wp-hook.php:316
[10-Jun-2021 08:32:48 UTC] PHP   5. Jet_Plugins_Wizard_Installer->install_plugin() C:\Users\scarl\Local Sites\giteaureille\app\public\wp-includes\class-wp-hook.php:292
[10-Jun-2021 08:32:48 UTC] PHP   6. Jet_Plugins_Wizard_Installer->do_plugin_install() C:\Users\scarl\Local Sites\giteaureille\app\public\wp-content\plugins\jet-plugins-wizard\includes\class-jet-plugins-wizard-installer.php:91
[10-Jun-2021 08:32:48 UTC] PHP   7. Jet_Plugins_Wizard_Installer->dependencies() C:\Users\scarl\Local Sites\giteaureille\app\public\wp-content\plugins\jet-plugins-wizard\includes\class-jet-plugins-wizard-installer.php:341
[10-Jun-2021 08:33:02 UTC] PHP Warning:  Declaration of Jet_Plugins_Wizard_Plugin_Upgrader_Skin::feedback($string) should be compatible with WP_Upgrader_Skin::feedback($string, ...$args) in C:\Users\scarl\Local Sites\giteaureille\app\public\wp-content\plugins\jet-plugins-wizard\includes\class-jet-plugins-wizard-plugin-upgrader-skin.php on line 0
[10-Jun-2021 08:33:02 UTC] PHP Stack trace:
[10-Jun-2021 08:33:02 UTC] PHP   1. {main}() C:\Users\scarl\Local Sites\giteaureille\app\public\wp-admin\admin-ajax.php:0
[10-Jun-2021 08:33:02 UTC] PHP   2. do_action() C:\Users\scarl\Local Sites\giteaureille\app\public\wp-admin\admin-ajax.php:187
[10-Jun-2021 08:33:02 UTC] PHP   3. WP_Hook->do_action() C:\Users\scarl\Local Sites\giteaureille\app\public\wp-includes\plugin.php:484
[10-Jun-2021 08:33:02 UTC] PHP   4. WP_Hook->apply_filters() C:\Users\scarl\Local Sites\giteaureille\app\public\wp-includes\class-wp-hook.php:316
[10-Jun-2021 08:33:02 UTC] PHP   5. Jet_Plugins_Wizard_Installer->install_plugin() C:\Users\scarl\Local Sites\giteaureille\app\public\wp-includes\class-wp-hook.php:292
[10-Jun-2021 08:33:02 UTC] PHP   6. Jet_Plugins_Wizard_Installer->do_plugin_install() C:\Users\scarl\Local Sites\giteaureille\app\public\wp-content\plugins\jet-plugins-wizard\includes\class-jet-plugins-wizard-installer.php:91
[10-Jun-2021 08:33:02 UTC] PHP   7. Jet_Plugins_Wizard_Installer->dependencies() C:\Users\scarl\Local Sites\giteaureille\app\public\wp-content\plugins\jet-plugins-wizard\includes\class-jet-plugins-wizard-installer.php:341
[10-Jun-2021 08:34:25 UTC] PHP Warning:  Declaration of Jet_Plugins_Wizard_Plugin_Upgrader_Skin::feedback($string) should be compatible with WP_Upgrader_Skin::feedback($string, ...$args) in C:\Users\scarl\Local Sites\giteaureille\app\public\wp-content\plugins\jet-plugins-wizard\includes\class-jet-plugins-wizard-plugin-upgrader-skin.php on line 0
[10-Jun-2021 08:34:25 UTC] PHP Stack trace:
[10-Jun-2021 08:34:25 UTC] PHP   1. {main}() C:\Users\scarl\Local Sites\giteaureille\app\public\wp-admin\admin-ajax.php:0
[10-Jun-2021 08:34:25 UTC] PHP   2. do_action() C:\Users\scarl\Local Sites\giteaureille\app\public\wp-admin\admin-ajax.php:187
[10-Jun-2021 08:34:25 UTC] PHP   3. WP_Hook->do_action() C:\Users\scarl\Local Sites\giteaureille\app\public\wp-includes\plugin.php:484
[10-Jun-2021 08:34:25 UTC] PHP   4. WP_Hook->apply_filters() C:\Users\scarl\Local Sites\giteaureille\app\public\wp-includes\class-wp-hook.php:316
[10-Jun-2021 08:34:25 UTC] PHP   5. Jet_Plugins_Wizard_Installer->install_plugin() C:\Users\scarl\Local Sites\giteaureille\app\public\wp-includes\class-wp-hook.php:292
[10-Jun-2021 08:34:25 UTC] PHP   6. Jet_Plugins_Wizard_Installer->do_plugin_install() C:\Users\scarl\Local Sites\giteaureille\app\public\wp-content\plugins\jet-plugins-wizard\includes\class-jet-plugins-wizard-installer.php:91
[10-Jun-2021 08:34:25 UTC] PHP   7. Jet_Plugins_Wizard_Installer->dependencies() C:\Users\scarl\Local Sites\giteaureille\app\public\wp-content\plugins\jet-plugins-wizard\includes\class-jet-plugins-wizard-installer.php:341
[10-Jun-2021 08:34:33 UTC] PHP Warning:  Declaration of Jet_Plugins_Wizard_Plugin_Upgrader_Skin::feedback($string) should be compatible with WP_Upgrader_Skin::feedback($string, ...$args) in C:\Users\scarl\Local Sites\giteaureille\app\public\wp-content\plugins\jet-plugins-wizard\includes\class-jet-plugins-wizard-plugin-upgrader-skin.php on line 0
[10-Jun-2021 08:34:33 UTC] PHP Stack trace:
[10-Jun-2021 08:34:33 UTC] PHP   1. {main}() C:\Users\scarl\Local Sites\giteaureille\app\public\wp-admin\admin-ajax.php:0
[10-Jun-2021 08:34:33 UTC] PHP   2. do_action() C:\Users\scarl\Local Sites\giteaureille\app\public\wp-admin\admin-ajax.php:187
[10-Jun-2021 08:34:33 UTC] PHP   3. WP_Hook->do_action() C:\Users\scarl\Local Sites\giteaureille\app\public\wp-includes\plugin.php:484
[10-Jun-2021 08:34:33 UTC] PHP   4. WP_Hook->apply_filters() C:\Users\scarl\Local Sites\giteaureille\app\public\wp-includes\class-wp-hook.php:316
[10-Jun-2021 08:34:33 UTC] PHP   5. Jet_Plugins_Wizard_Installer->install_plugin() C:\Users\scarl\Local Sites\giteaureille\app\public\wp-includes\class-wp-hook.php:292
[10-Jun-2021 08:34:33 UTC] PHP   6. Jet_Plugins_Wizard_Installer->do_plugin_install() C:\Users\scarl\Local Sites\giteaureille\app\public\wp-content\plugins\jet-plugins-wizard\includes\class-jet-plugins-wizard-installer.php:91
[10-Jun-2021 08:34:33 UTC] PHP   7. Jet_Plugins_Wizard_Installer->dependencies() C:\Users\scarl\Local Sites\giteaureille\app\public\wp-content\plugins\jet-plugins-wizard\includes\class-jet-plugins-wizard-installer.php:341
[10-Jun-2021 08:34:47 UTC] PHP Warning:  Declaration of Jet_Plugins_Wizard_Plugin_Upgrader_Skin::feedback($string) should be compatible with WP_Upgrader_Skin::feedback($string, ...$args) in C:\Users\scarl\Local Sites\giteaureille\app\public\wp-content\plugins\jet-plugins-wizard\includes\class-jet-plugins-wizard-plugin-upgrader-skin.php on line 0
[10-Jun-2021 08:34:47 UTC] PHP Stack trace:
[10-Jun-2021 08:34:47 UTC] PHP   1. {main}() C:\Users\scarl\Local Sites\giteaureille\app\public\wp-admin\admin-ajax.php:0
[10-Jun-2021 08:34:47 UTC] PHP   2. do_action() C:\Users\scarl\Local Sites\giteaureille\app\public\wp-admin\admin-ajax.php:187
[10-Jun-2021 08:34:47 UTC] PHP   3. WP_Hook->do_action() C:\Users\scarl\Local Sites\giteaureille\app\public\wp-includes\plugin.php:484
[10-Jun-2021 08:34:47 UTC] PHP   4. WP_Hook->apply_filters() C:\Users\scarl\Local Sites\giteaureille\app\public\wp-includes\class-wp-hook.php:316
[10-Jun-2021 08:34:47 UTC] PHP   5. Jet_Plugins_Wizard_Installer->install_plugin() C:\Users\scarl\Local Sites\giteaureille\app\public\wp-includes\class-wp-hook.php:292
[10-Jun-2021 08:34:47 UTC] PHP   6. Jet_Plugins_Wizard_Installer->do_plugin_install() C:\Users\scarl\Local Sites\giteaureille\app\public\wp-content\plugins\jet-plugins-wizard\includes\class-jet-plugins-wizard-installer.php:91
[10-Jun-2021 08:34:47 UTC] PHP   7. Jet_Plugins_Wizard_Installer->dependencies() C:\Users\scarl\Local Sites\giteaureille\app\public\wp-content\plugins\jet-plugins-wizard\includes\class-jet-plugins-wizard-installer.php:341
[10-Jun-2021 08:34:57 UTC] PHP Warning:  Declaration of Jet_Plugins_Wizard_Plugin_Upgrader_Skin::feedback($string) should be compatible with WP_Upgrader_Skin::feedback($string, ...$args) in C:\Users\scarl\Local Sites\giteaureille\app\public\wp-content\plugins\jet-plugins-wizard\includes\class-jet-plugins-wizard-plugin-upgrader-skin.php on line 0
[10-Jun-2021 08:34:57 UTC] PHP Stack trace:
[10-Jun-2021 08:34:57 UTC] PHP   1. {main}() C:\Users\scarl\Local Sites\giteaureille\app\public\wp-admin\admin-ajax.php:0
[10-Jun-2021 08:34:57 UTC] PHP   2. do_action() C:\Users\scarl\Local Sites\giteaureille\app\public\wp-admin\admin-ajax.php:187
[10-Jun-2021 08:34:57 UTC] PHP   3. WP_Hook->do_action() C:\Users\scarl\Local Sites\giteaureille\app\public\wp-includes\plugin.php:484
[10-Jun-2021 08:34:57 UTC] PHP   4. WP_Hook->apply_filters() C:\Users\scarl\Local Sites\giteaureille\app\public\wp-includes\class-wp-hook.php:316
[10-Jun-2021 08:34:57 UTC] PHP   5. Jet_Plugins_Wizard_Installer->install_plugin() C:\Users\scarl\Local Sites\giteaureille\app\public\wp-includes\class-wp-hook.php:292
[10-Jun-2021 08:34:57 UTC] PHP   6. Jet_Plugins_Wizard_Installer->do_plugin_install() C:\Users\scarl\Local Sites\giteaureille\app\public\wp-content\plugins\jet-plugins-wizard\includes\class-jet-plugins-wizard-installer.php:91
[10-Jun-2021 08:34:57 UTC] PHP   7. Jet_Plugins_Wizard_Installer->dependencies() C:\Users\scarl\Local Sites\giteaureille\app\public\wp-content\plugins\jet-plugins-wizard\includes\class-jet-plugins-wizard-installer.php:341
[10-Jun-2021 08:35:06 UTC] PHP Warning:  Declaration of Jet_Plugins_Wizard_Plugin_Upgrader_Skin::feedback($string) should be compatible with WP_Upgrader_Skin::feedback($string, ...$args) in C:\Users\scarl\Local Sites\giteaureille\app\public\wp-content\plugins\jet-plugins-wizard\includes\class-jet-plugins-wizard-plugin-upgrader-skin.php on line 0
[10-Jun-2021 08:35:06 UTC] PHP Stack trace:
[10-Jun-2021 08:35:06 UTC] PHP   1. {main}() C:\Users\scarl\Local Sites\giteaureille\app\public\wp-admin\admin-ajax.php:0
[10-Jun-2021 08:35:06 UTC] PHP   2. do_action() C:\Users\scarl\Local Sites\giteaureille\app\public\wp-admin\admin-ajax.php:187
[10-Jun-2021 08:35:06 UTC] PHP   3. WP_Hook->do_action() C:\Users\scarl\Local Sites\giteaureille\app\public\wp-includes\plugin.php:484
[10-Jun-2021 08:35:06 UTC] PHP   4. WP_Hook->apply_filters() C:\Users\scarl\Local Sites\giteaureille\app\public\wp-includes\class-wp-hook.php:316
[10-Jun-2021 08:35:06 UTC] PHP   5. Jet_Plugins_Wizard_Installer->install_plugin() C:\Users\scarl\Local Sites\giteaureille\app\public\wp-includes\class-wp-hook.php:292
[10-Jun-2021 08:35:06 UTC] PHP   6. Jet_Plugins_Wizard_Installer->do_plugin_install() C:\Users\scarl\Local Sites\giteaureille\app\public\wp-content\plugins\jet-plugins-wizard\includes\class-jet-plugins-wizard-installer.php:91
[10-Jun-2021 08:35:06 UTC] PHP   7. Jet_Plugins_Wizard_Installer->dependencies() C:\Users\scarl\Local Sites\giteaureille\app\public\wp-content\plugins\jet-plugins-wizard\includes\class-jet-plugins-wizard-installer.php:341
[10-Jun-2021 08:35:18 UTC] PHP Warning:  Declaration of Jet_Plugins_Wizard_Plugin_Upgrader_Skin::feedback($string) should be compatible with WP_Upgrader_Skin::feedback($string, ...$args) in C:\Users\scarl\Local Sites\giteaureille\app\public\wp-content\plugins\jet-plugins-wizard\includes\class-jet-plugins-wizard-plugin-upgrader-skin.php on line 0
[10-Jun-2021 08:35:18 UTC] PHP Stack trace:
[10-Jun-2021 08:35:18 UTC] PHP   1. {main}() C:\Users\scarl\Local Sites\giteaureille\app\public\wp-admin\admin-ajax.php:0
[10-Jun-2021 08:35:18 UTC] PHP   2. do_action() C:\Users\scarl\Local Sites\giteaureille\app\public\wp-admin\admin-ajax.php:187
[10-Jun-2021 08:35:18 UTC] PHP   3. WP_Hook->do_action() C:\Users\scarl\Local Sites\giteaureille\app\public\wp-includes\plugin.php:484
[10-Jun-2021 08:35:18 UTC] PHP   4. WP_Hook->apply_filters() C:\Users\scarl\Local Sites\giteaureille\app\public\wp-includes\class-wp-hook.php:316
[10-Jun-2021 08:35:18 UTC] PHP   5. Jet_Plugins_Wizard_Installer->install_plugin() C:\Users\scarl\Local Sites\giteaureille\app\public\wp-includes\class-wp-hook.php:292
[10-Jun-2021 08:35:18 UTC] PHP   6. Jet_Plugins_Wizard_Installer->do_plugin_install() C:\Users\scarl\Local Sites\giteaureille\app\public\wp-content\plugins\jet-plugins-wizard\includes\class-jet-plugins-wizard-installer.php:91
[10-Jun-2021 08:35:18 UTC] PHP   7. Jet_Plugins_Wizard_Installer->dependencies() C:\Users\scarl\Local Sites\giteaureille\app\public\wp-content\plugins\jet-plugins-wizard\includes\class-jet-plugins-wizard-installer.php:341
[10-Jun-2021 08:35:34 UTC] PHP Warning:  Declaration of Jet_Plugins_Wizard_Plugin_Upgrader_Skin::feedback($string) should be compatible with WP_Upgrader_Skin::feedback($string, ...$args) in C:\Users\scarl\Local Sites\giteaureille\app\public\wp-content\plugins\jet-plugins-wizard\includes\class-jet-plugins-wizard-plugin-upgrader-skin.php on line 0
[10-Jun-2021 08:35:34 UTC] PHP Stack trace:
[10-Jun-2021 08:35:34 UTC] PHP   1. {main}() C:\Users\scarl\Local Sites\giteaureille\app\public\wp-admin\admin-ajax.php:0
[10-Jun-2021 08:35:34 UTC] PHP   2. do_action() C:\Users\scarl\Local Sites\giteaureille\app\public\wp-admin\admin-ajax.php:187
[10-Jun-2021 08:35:34 UTC] PHP   3. WP_Hook->do_action() C:\Users\scarl\Local Sites\giteaureille\app\public\wp-includes\plugin.php:484
[10-Jun-2021 08:35:34 UTC] PHP   4. WP_Hook->apply_filters() C:\Users\scarl\Local Sites\giteaureille\app\public\wp-includes\class-wp-hook.php:316
[10-Jun-2021 08:35:34 UTC] PHP   5. Jet_Plugins_Wizard_Installer->install_plugin() C:\Users\scarl\Local Sites\giteaureille\app\public\wp-includes\class-wp-hook.php:292
[10-Jun-2021 08:35:34 UTC] PHP   6. Jet_Plugins_Wizard_Installer->do_plugin_install() C:\Users\scarl\Local Sites\giteaureille\app\public\wp-content\plugins\jet-plugins-wizard\includes\class-jet-plugins-wizard-installer.php:91
[10-Jun-2021 08:35:34 UTC] PHP   7. Jet_Plugins_Wizard_Installer->dependencies() C:\Users\scarl\Local Sites\giteaureille\app\public\wp-content\plugins\jet-plugins-wizard\includes\class-jet-plugins-wizard-installer.php:341
[10-Jun-2021 08:35:50 UTC] PHP Warning:  Declaration of Jet_Plugins_Wizard_Plugin_Upgrader_Skin::feedback($string) should be compatible with WP_Upgrader_Skin::feedback($string, ...$args) in C:\Users\scarl\Local Sites\giteaureille\app\public\wp-content\plugins\jet-plugins-wizard\includes\class-jet-plugins-wizard-plugin-upgrader-skin.php on line 0
[10-Jun-2021 08:35:50 UTC] PHP Stack trace:
[10-Jun-2021 08:35:50 UTC] PHP   1. {main}() C:\Users\scarl\Local Sites\giteaureille\app\public\wp-admin\admin-ajax.php:0
[10-Jun-2021 08:35:50 UTC] PHP   2. do_action() C:\Users\scarl\Local Sites\giteaureille\app\public\wp-admin\admin-ajax.php:187
[10-Jun-2021 08:35:50 UTC] PHP   3. WP_Hook->do_action() C:\Users\scarl\Local Sites\giteaureille\app\public\wp-includes\plugin.php:484
[10-Jun-2021 08:35:50 UTC] PHP   4. WP_Hook->apply_filters() C:\Users\scarl\Local Sites\giteaureille\app\public\wp-includes\class-wp-hook.php:316
[10-Jun-2021 08:35:50 UTC] PHP   5. Jet_Plugins_Wizard_Installer->install_plugin() C:\Users\scarl\Local Sites\giteaureille\app\public\wp-includes\class-wp-hook.php:292
[10-Jun-2021 08:35:50 UTC] PHP   6. Jet_Plugins_Wizard_Installer->do_plugin_install() C:\Users\scarl\Local Sites\giteaureille\app\public\wp-content\plugins\jet-plugins-wizard\includes\class-jet-plugins-wizard-installer.php:91
[10-Jun-2021 08:35:50 UTC] PHP   7. Jet_Plugins_Wizard_Installer->dependencies() C:\Users\scarl\Local Sites\giteaureille\app\public\wp-content\plugins\jet-plugins-wizard\includes\class-jet-plugins-wizard-installer.php:341
[10-Jun-2021 08:36:03 UTC] PHP Warning:  Declaration of Jet_Plugins_Wizard_Plugin_Upgrader_Skin::feedback($string) should be compatible with WP_Upgrader_Skin::feedback($string, ...$args) in C:\Users\scarl\Local Sites\giteaureille\app\public\wp-content\plugins\jet-plugins-wizard\includes\class-jet-plugins-wizard-plugin-upgrader-skin.php on line 0
[10-Jun-2021 08:36:03 UTC] PHP Stack trace:
[10-Jun-2021 08:36:03 UTC] PHP   1. {main}() C:\Users\scarl\Local Sites\giteaureille\app\public\wp-admin\admin-ajax.php:0
[10-Jun-2021 08:36:03 UTC] PHP   2. do_action() C:\Users\scarl\Local Sites\giteaureille\app\public\wp-admin\admin-ajax.php:187
[10-Jun-2021 08:36:03 UTC] PHP   3. WP_Hook->do_action() C:\Users\scarl\Local Sites\giteaureille\app\public\wp-includes\plugin.php:484
[10-Jun-2021 08:36:03 UTC] PHP   4. WP_Hook->apply_filters() C:\Users\scarl\Local Sites\giteaureille\app\public\wp-includes\class-wp-hook.php:316
[10-Jun-2021 08:36:03 UTC] PHP   5. Jet_Plugins_Wizard_Installer->install_plugin() C:\Users\scarl\Local Sites\giteaureille\app\public\wp-includes\class-wp-hook.php:292
[10-Jun-2021 08:36:03 UTC] PHP   6. Jet_Plugins_Wizard_Installer->do_plugin_install() C:\Users\scarl\Local Sites\giteaureille\app\public\wp-content\plugins\jet-plugins-wizard\includes\class-jet-plugins-wizard-installer.php:91
[10-Jun-2021 08:36:03 UTC] PHP   7. Jet_Plugins_Wizard_Installer->dependencies() C:\Users\scarl\Local Sites\giteaureille\app\public\wp-content\plugins\jet-plugins-wizard\includes\class-jet-plugins-wizard-installer.php:341
[10-Jun-2021 08:36:10 UTC] PHP Warning:  Declaration of Jet_Plugins_Wizard_Plugin_Upgrader_Skin::feedback($string) should be compatible with WP_Upgrader_Skin::feedback($string, ...$args) in C:\Users\scarl\Local Sites\giteaureille\app\public\wp-content\plugins\jet-plugins-wizard\includes\class-jet-plugins-wizard-plugin-upgrader-skin.php on line 0
[10-Jun-2021 08:36:10 UTC] PHP Stack trace:
[10-Jun-2021 08:36:10 UTC] PHP   1. {main}() C:\Users\scarl\Local Sites\giteaureille\app\public\wp-admin\admin-ajax.php:0
[10-Jun-2021 08:36:10 UTC] PHP   2. do_action() C:\Users\scarl\Local Sites\giteaureille\app\public\wp-admin\admin-ajax.php:187
[10-Jun-2021 08:36:10 UTC] PHP   3. WP_Hook->do_action() C:\Users\scarl\Local Sites\giteaureille\app\public\wp-includes\plugin.php:484
[10-Jun-2021 08:36:10 UTC] PHP   4. WP_Hook->apply_filters() C:\Users\scarl\Local Sites\giteaureille\app\public\wp-includes\class-wp-hook.php:316
[10-Jun-2021 08:36:10 UTC] PHP   5. Jet_Plugins_Wizard_Installer->install_plugin() C:\Users\scarl\Local Sites\giteaureille\app\public\wp-includes\class-wp-hook.php:292
[10-Jun-2021 08:36:10 UTC] PHP   6. Jet_Plugins_Wizard_Installer->do_plugin_install() C:\Users\scarl\Local Sites\giteaureille\app\public\wp-content\plugins\jet-plugins-wizard\includes\class-jet-plugins-wizard-installer.php:91
[10-Jun-2021 08:36:10 UTC] PHP   7. Jet_Plugins_Wizard_Installer->dependencies() C:\Users\scarl\Local Sites\giteaureille\app\public\wp-content\plugins\jet-plugins-wizard\includes\class-jet-plugins-wizard-installer.php:341
[10-Jun-2021 08:36:28 UTC] PHP Warning:  Cannot modify header information - headers already sent by (output started at C:\Users\scarl\Local Sites\giteaureille\app\public\wp-includes\functions.php:4757) in C:\Users\scarl\Local Sites\giteaureille\app\public\wp-content\plugins\hotel-booking\includes\libraries\wp-session-manager\class-wp-session.php on line 127
[10-Jun-2021 08:36:28 UTC] PHP Stack trace:
[10-Jun-2021 08:36:28 UTC] PHP   1. {main}() C:\Users\scarl\Local Sites\giteaureille\app\public\wp-admin\admin-ajax.php:0
[10-Jun-2021 08:36:28 UTC] PHP   2. do_action() C:\Users\scarl\Local Sites\giteaureille\app\public\wp-admin\admin-ajax.php:187
[10-Jun-2021 08:36:28 UTC] PHP   3. WP_Hook->do_action() C:\Users\scarl\Local Sites\giteaureille\app\public\wp-includes\plugin.php:484
[10-Jun-2021 08:36:28 UTC] PHP   4. WP_Hook->apply_filters() C:\Users\scarl\Local Sites\giteaureille\app\public\wp-includes\class-wp-hook.php:316
[10-Jun-2021 08:36:28 UTC] PHP   5. Jet_Plugins_Wizard_Installer->install_plugin() C:\Users\scarl\Local Sites\giteaureille\app\public\wp-includes\class-wp-hook.php:292
[10-Jun-2021 08:36:28 UTC] PHP   6. Jet_Plugins_Wizard_Installer->send_success() C:\Users\scarl\Local Sites\giteaureille\app\public\wp-content\plugins\jet-plugins-wizard\includes\class-jet-plugins-wizard-installer.php:131
[10-Jun-2021 08:36:28 UTC] PHP   7. wp_send_json_success() C:\Users\scarl\Local Sites\giteaureille\app\public\wp-content\plugins\jet-plugins-wizard\includes\class-jet-plugins-wizard-installer.php:168
[10-Jun-2021 08:36:28 UTC] PHP   8. wp_send_json() C:\Users\scarl\Local Sites\giteaureille\app\public\wp-includes\functions.php:4151
[10-Jun-2021 08:36:28 UTC] PHP   9. wp_die() C:\Users\scarl\Local Sites\giteaureille\app\public\wp-includes\functions.php:4125
[10-Jun-2021 08:36:28 UTC] PHP  10. _ajax_wp_die_handler() C:\Users\scarl\Local Sites\giteaureille\app\public\wp-includes\functions.php:3421
[10-Jun-2021 08:36:28 UTC] PHP  11. shutdown_action_hook() C:\Users\scarl\Local Sites\giteaureille\app\public\wp-includes\load.php:0
[10-Jun-2021 08:36:28 UTC] PHP  12. do_action() C:\Users\scarl\Local Sites\giteaureille\app\public\wp-includes\load.php:1072
[10-Jun-2021 08:36:28 UTC] PHP  13. WP_Hook->do_action() C:\Users\scarl\Local Sites\giteaureille\app\public\wp-includes\plugin.php:484
[10-Jun-2021 08:36:28 UTC] PHP  14. WP_Hook->apply_filters() C:\Users\scarl\Local Sites\giteaureille\app\public\wp-includes\class-wp-hook.php:316
[10-Jun-2021 08:36:28 UTC] PHP  15. MPHB\Libraries\WP_SessionManager\wp_session_write_close() C:\Users\scarl\Local Sites\giteaureille\app\public\wp-includes\class-wp-hook.php:292
[10-Jun-2021 08:36:28 UTC] PHP  16. MPHB\Libraries\WP_SessionManager\WP_Session::get_instance() C:\Users\scarl\Local Sites\giteaureille\app\public\wp-content\plugins\hotel-booking\includes\libraries\wp-session-manager\wp-session.php:115
[10-Jun-2021 08:36:28 UTC] PHP  17. MPHB\Libraries\WP_SessionManager\WP_Session->__construct() C:\Users\scarl\Local Sites\giteaureille\app\public\wp-content\plugins\hotel-booking\includes\libraries\wp-session-manager\class-wp-session.php:61
[10-Jun-2021 08:36:28 UTC] PHP  18. MPHB\Libraries\WP_SessionManager\WP_Session->set_cookie() C:\Users\scarl\Local Sites\giteaureille\app\public\wp-content\plugins\hotel-booking\includes\libraries\wp-session-manager\class-wp-session.php:97
[10-Jun-2021 08:36:28 UTC] PHP  19. setcookie() C:\Users\scarl\Local Sites\giteaureille\app\public\wp-content\plugins\hotel-booking\includes\libraries\wp-session-manager\class-wp-session.php:127
[08-Sep-2021 09:50:58 UTC] PHP Warning:  Failed loading Zend extension 'php_opcache.dll' (tried: C:/Users/scarl/AppData/Local/Programs/Local/resources/extraResources/lightning-services/php-7.3.5+3/bin/win32/ext\php_opcache.dll (Le module spécifié est introuvable.), C:/Users/scarl/AppData/Local/Programs/Local/resources/extraResources/lightning-services/php-7.3.5+3/bin/win32/ext\php_php_opcache.dll.dll (Le module spécifié est introuvable.)) in Unknown on line 0
[08-Sep-2021 09:50:58 UTC] PHP Warning:  Failed loading Zend extension 'php_opcache.dll' (tried: C:/Users/scarl/AppData/Local/Programs/Local/resources/extraResources/lightning-services/php-7.3.5+3/bin/win32/ext\php_opcache.dll (Le module spécifié est introuvable.), C:/Users/scarl/AppData/Local/Programs/Local/resources/extraResources/lightning-services/php-7.3.5+3/bin/win32/ext\php_php_opcache.dll.dll (Le module spécifié est introuvable.)) in Unknown on line 0
[08-Sep-2021 09:50:58 UTC] PHP Warning:  Failed loading Zend extension 'php_xdebug.dll' (tried: C:/Users/scarl/AppData/Local/Programs/Local/resources/extraResources/lightning-services/php-7.3.5+3/bin/win32/ext\php_xdebug.dll (Le module spécifié est introuvable.), C:/Users/scarl/AppData/Local/Programs/Local/resources/extraResources/lightning-services/php-7.3.5+3/bin/win32/ext\php_php_xdebug.dll.dll (Le module spécifié est introuvable.)) in Unknown on line 0
[08-Sep-2021 09:50:58 UTC] PHP Warning:  Failed loading Zend extension 'php_xdebug.dll' (tried: C:/Users/scarl/AppData/Local/Programs/Local/resources/extraResources/lightning-services/php-7.3.5+3/bin/win32/ext\php_xdebug.dll (Le module spécifié est introuvable.), C:/Users/scarl/AppData/Local/Programs/Local/resources/extraResources/lightning-services/php-7.3.5+3/bin/win32/ext\php_php_xdebug.dll.dll (Le module spécifié est introuvable.)) in Unknown on line 0
[08-Sep-2021 09:50:58 UTC] PHP Warning:  PHP Startup: Unable to load dynamic library 'php_curl.dll' (tried: C:/Users/scarl/AppData/Local/Programs/Local/resources/extraResources/lightning-services/php-7.3.5+3/bin/win32/ext\php_curl.dll (Le module spécifié est introuvable.), C:/Users/scarl/AppData/Local/Programs/Local/resources/extraResources/lightning-services/php-7.3.5+3/bin/win32/ext\php_php_curl.dll.dll (Le module spécifié est introuvable.)) in Unknown on line 0
[08-Sep-2021 09:50:58 UTC] PHP Warning:  PHP Startup: Unable to load dynamic library 'php_curl.dll' (tried: C:/Users/scarl/AppData/Local/Programs/Local/resources/extraResources/lightning-services/php-7.3.5+3/bin/win32/ext\php_curl.dll (Le module spécifié est introuvable.), C:/Users/scarl/AppData/Local/Programs/Local/resources/extraResources/lightning-services/php-7.3.5+3/bin/win32/ext\php_php_curl.dll.dll (Le module spécifié est introuvable.)) in Unknown on line 0
[08-Sep-2021 09:50:58 UTC] PHP Warning:  PHP Startup: Unable to load dynamic library 'php_gettext.dll' (tried: C:/Users/scarl/AppData/Local/Programs/Local/resources/extraResources/lightning-services/php-7.3.5+3/bin/win32/ext\php_gettext.dll (Le module spécifié est introuvable.), C:/Users/scarl/AppData/Local/Programs/Local/resources/extraResources/lightning-services/php-7.3.5+3/bin/win32/ext\php_php_gettext.dll.dll (Le module spécifié est introuvable.)) in Unknown on line 0
[08-Sep-2021 09:50:58 UTC] PHP Warning:  PHP Startup: Unable to load dynamic library 'php_gettext.dll' (tried: C:/Users/scarl/AppData/Local/Programs/Local/resources/extraResources/lightning-services/php-7.3.5+3/bin/win32/ext\php_gettext.dll (Le module spécifié est introuvable.), C:/Users/scarl/AppData/Local/Programs/Local/resources/extraResources/lightning-services/php-7.3.5+3/bin/win32/ext\php_php_gettext.dll.dll (Le module spécifié est introuvable.)) in Unknown on line 0
[08-Sep-2021 09:50:58 UTC] PHP Warning:  PHP Startup: Unable to load dynamic library 'php_openssl.dll' (tried: C:/Users/scarl/AppData/Local/Programs/Local/resources/extraResources/lightning-services/php-7.3.5+3/bin/win32/ext\php_openssl.dll (Le module spécifié est introuvable.), C:/Users/scarl/AppData/Local/Programs/Local/resources/extraResources/lightning-services/php-7.3.5+3/bin/win32/ext\php_php_openssl.dll.dll (Le module spécifié est introuvable.)) in Unknown on line 0
[08-Sep-2021 09:50:58 UTC] PHP Warning:  PHP Startup: Unable to load dynamic library 'php_openssl.dll' (tried: C:/Users/scarl/AppData/Local/Programs/Local/resources/extraResources/lightning-services/php-7.3.5+3/bin/win32/ext\php_openssl.dll (Le module spécifié est introuvable.), C:/Users/scarl/AppData/Local/Programs/Local/resources/extraResources/lightning-services/php-7.3.5+3/bin/win32/ext\php_php_openssl.dll.dll (Le module spécifié est introuvable.)) in Unknown on line 0
[08-Sep-2021 09:50:58 UTC] PHP Warning:  PHP Startup: Unable to load dynamic library 'php_exif.dll' (tried: C:/Users/scarl/AppData/Local/Programs/Local/resources/extraResources/lightning-services/php-7.3.5+3/bin/win32/ext\php_exif.dll (Le module spécifié est introuvable.), C:/Users/scarl/AppData/Local/Programs/Local/resources/extraResources/lightning-services/php-7.3.5+3/bin/win32/ext\php_php_exif.dll.dll (Le module spécifié est introuvable.)) in Unknown on line 0
[08-Sep-2021 09:50:58 UTC] PHP Warning:  PHP Startup: Unable to load dynamic library 'php_exif.dll' (tried: C:/Users/scarl/AppData/Local/Programs/Local/resources/extraResources/lightning-services/php-7.3.5+3/bin/win32/ext\php_exif.dll (Le module spécifié est introuvable.), C:/Users/scarl/AppData/Local/Programs/Local/resources/extraResources/lightning-services/php-7.3.5+3/bin/win32/ext\php_php_exif.dll.dll (Le module spécifié est introuvable.)) in Unknown on line 0
[08-Sep-2021 09:50:58 UTC] PHP Warning:  PHP Startup: Unable to load dynamic library 'php_gd2.dll' (tried: C:/Users/scarl/AppData/Local/Programs/Local/resources/extraResources/lightning-services/php-7.3.5+3/bin/win32/ext\php_gd2.dll (Le module spécifié est introuvable.), C:/Users/scarl/AppData/Local/Programs/Local/resources/extraResources/lightning-services/php-7.3.5+3/bin/win32/ext\php_php_gd2.dll.dll (Le module spécifié est introuvable.)) in Unknown on line 0
[08-Sep-2021 09:50:58 UTC] PHP Warning:  PHP Startup: Unable to load dynamic library 'php_gd2.dll' (tried: C:/Users/scarl/AppData/Local/Programs/Local/resources/extraResources/lightning-services/php-7.3.5+3/bin/win32/ext\php_gd2.dll (Le module spécifié est introuvable.), C:/Users/scarl/AppData/Local/Programs/Local/resources/extraResources/lightning-services/php-7.3.5+3/bin/win32/ext\php_php_gd2.dll.dll (Le module spécifié est introuvable.)) in Unknown on line 0
[08-Sep-2021 09:50:58 UTC] PHP Warning:  PHP Startup: Unable to load dynamic library 'php_ftp.dll' (tried: C:/Users/scarl/AppData/Local/Programs/Local/resources/extraResources/lightning-services/php-7.3.5+3/bin/win32/ext\php_ftp.dll (Le module spécifié est introuvable.), C:/Users/scarl/AppData/Local/Programs/Local/resources/extraResources/lightning-services/php-7.3.5+3/bin/win32/ext\php_php_ftp.dll.dll (Le module spécifié est introuvable.)) in Unknown on line 0
[08-Sep-2021 09:50:58 UTC] PHP Warning:  PHP Startup: Unable to load dynamic library 'php_ftp.dll' (tried: C:/Users/scarl/AppData/Local/Programs/Local/resources/extraResources/lightning-services/php-7.3.5+3/bin/win32/ext\php_ftp.dll (Le module spécifié est introuvable.), C:/Users/scarl/AppData/Local/Programs/Local/resources/extraResources/lightning-services/php-7.3.5+3/bin/win32/ext\php_php_ftp.dll.dll (Le module spécifié est introuvable.)) in Unknown on line 0
[08-Sep-2021 09:50:58 UTC] PHP Warning:  PHP Startup: Unable to load dynamic library 'php_imap.dll' (tried: C:/Users/scarl/AppData/Local/Programs/Local/resources/extraResources/lightning-services/php-7.3.5+3/bin/win32/ext\php_imap.dll (Le module spécifié est introuvable.), C:/Users/scarl/AppData/Local/Programs/Local/resources/extraResources/lightning-services/php-7.3.5+3/bin/win32/ext\php_php_imap.dll.dll (Le module spécifié est introuvable.)) in Unknown on line 0
[08-Sep-2021 09:50:58 UTC] PHP Warning:  PHP Startup: Unable to load dynamic library 'php_imap.dll' (tried: C:/Users/scarl/AppData/Local/Programs/Local/resources/extraResources/lightning-services/php-7.3.5+3/bin/win32/ext\php_imap.dll (Le module spécifié est introuvable.), C:/Users/scarl/AppData/Local/Programs/Local/resources/extraResources/lightning-services/php-7.3.5+3/bin/win32/ext\php_php_imap.dll.dll (Le module spécifié est introuvable.)) in Unknown on line 0
[08-Sep-2021 09:50:58 UTC] PHP Warning:  PHP Startup: Unable to load dynamic library 'php_bz2.dll' (tried: C:/Users/scarl/AppData/Local/Programs/Local/resources/extraResources/lightning-services/php-7.3.5+3/bin/win32/ext\php_bz2.dll (Le module spécifié est introuvable.), C:/Users/scarl/AppData/Local/Programs/Local/resources/extraResources/lightning-services/php-7.3.5+3/bin/win32/ext\php_php_bz2.dll.dll (Le module spécifié est introuvable.)) in Unknown on line 0
[08-Sep-2021 09:50:58 UTC] PHP Warning:  PHP Startup: Unable to load dynamic library 'php_bz2.dll' (tried: C:/Users/scarl/AppData/Local/Programs/Local/resources/extraResources/lightning-services/php-7.3.5+3/bin/win32/ext\php_bz2.dll (Le module spécifié est introuvable.), C:/Users/scarl/AppData/Local/Programs/Local/resources/extraResources/lightning-services/php-7.3.5+3/bin/win32/ext\php_php_bz2.dll.dll (Le module spécifié est introuvable.)) in Unknown on line 0
[08-Sep-2021 09:50:58 UTC] PHP Warning:  PHP Startup: Unable to load dynamic library 'php_mbstring.dll' (tried: C:/Users/scarl/AppData/Local/Programs/Local/resources/extraResources/lightning-services/php-7.3.5+3/bin/win32/ext\php_mbstring.dll (Le module spécifié est introuvable.), C:/Users/scarl/AppData/Local/Programs/Local/resources/extraResources/lightning-services/php-7.3.5+3/bin/win32/ext\php_php_mbstring.dll.dll (Le module spécifié est introuvable.)) in Unknown on line 0
[08-Sep-2021 09:50:58 UTC] PHP Warning:  PHP Startup: Unable to load dynamic library 'php_mbstring.dll' (tried: C:/Users/scarl/AppData/Local/Programs/Local/resources/extraResources/lightning-services/php-7.3.5+3/bin/win32/ext\php_mbstring.dll (Le module spécifié est introuvable.), C:/Users/scarl/AppData/Local/Programs/Local/resources/extraResources/lightning-services/php-7.3.5+3/bin/win32/ext\php_php_mbstring.dll.dll (Le module spécifié est introuvable.)) in Unknown on line 0
[08-Sep-2021 09:50:58 UTC] PHP Warning:  PHP Startup: Unable to load dynamic library 'php_sodium.dll' (tried: C:/Users/scarl/AppData/Local/Programs/Local/resources/extraResources/lightning-services/php-7.3.5+3/bin/win32/ext\php_sodium.dll (Le module spécifié est introuvable.), C:/Users/scarl/AppData/Local/Programs/Local/resources/extraResources/lightning-services/php-7.3.5+3/bin/win32/ext\php_php_sodium.dll.dll (Le module spécifié est introuvable.)) in Unknown on line 0
[08-Sep-2021 09:50:58 UTC] PHP Warning:  PHP Startup: Unable to load dynamic library 'php_sodium.dll' (tried: C:/Users/scarl/AppData/Local/Programs/Local/resources/extraResources/lightning-services/php-7.3.5+3/bin/win32/ext\php_sodium.dll (Le module spécifié est introuvable.), C:/Users/scarl/AppData/Local/Programs/Local/resources/extraResources/lightning-services/php-7.3.5+3/bin/win32/ext\php_php_sodium.dll.dll (Le module spécifié est introuvable.)) in Unknown on line 0
[08-Sep-2021 09:50:58 UTC] PHP Warning:  PHP Startup: Unable to load dynamic library 'php_tidy.dll' (tried: C:/Users/scarl/AppData/Local/Programs/Local/resources/extraResources/lightning-services/php-7.3.5+3/bin/win32/ext\php_tidy.dll (Le module spécifié est introuvable.), C:/Users/scarl/AppData/Local/Programs/Local/resources/extraResources/lightning-services/php-7.3.5+3/bin/win32/ext\php_php_tidy.dll.dll (Le module spécifié est introuvable.)) in Unknown on line 0
[08-Sep-2021 09:50:58 UTC] PHP Warning:  PHP Startup: Unable to load dynamic library 'php_tidy.dll' (tried: C:/Users/scarl/AppData/Local/Programs/Local/resources/extraResources/lightning-services/php-7.3.5+3/bin/win32/ext\php_tidy.dll (Le module spécifié est introuvable.), C:/Users/scarl/AppData/Local/Programs/Local/resources/extraResources/lightning-services/php-7.3.5+3/bin/win32/ext\php_php_tidy.dll.dll (Le module spécifié est introuvable.)) in Unknown on line 0
[08-Sep-2021 09:50:58 UTC] PHP Warning:  PHP Startup: Unable to load dynamic library 'php_xsl.dll' (tried: C:/Users/scarl/AppData/Local/Programs/Local/resources/extraResources/lightning-services/php-7.3.5+3/bin/win32/ext\php_xsl.dll (Le module spécifié est introuvable.), C:/Users/scarl/AppData/Local/Programs/Local/resources/extraResources/lightning-services/php-7.3.5+3/bin/win32/ext\php_php_xsl.dll.dll (Le module spécifié est introuvable.)) in Unknown on line 0
[08-Sep-2021 09:50:58 UTC] PHP Warning:  PHP Startup: Unable to load dynamic library 'php_xsl.dll' (tried: C:/Users/scarl/AppData/Local/Programs/Local/resources/extraResources/lightning-services/php-7.3.5+3/bin/win32/ext\php_xsl.dll (Le module spécifié est introuvable.), C:/Users/scarl/AppData/Local/Programs/Local/resources/extraResources/lightning-services/php-7.3.5+3/bin/win32/ext\php_php_xsl.dll.dll (Le module spécifié est introuvable.)) in Unknown on line 0
[08-Sep-2021 09:50:58 UTC] PHP Warning:  PHP Startup: Unable to load dynamic library 'php_xmlrpc.dll' (tried: C:/Users/scarl/AppData/Local/Programs/Local/resources/extraResources/lightning-services/php-7.3.5+3/bin/win32/ext\php_xmlrpc.dll (Le module spécifié est introuvable.), C:/Users/scarl/AppData/Local/Programs/Local/resources/extraResources/lightning-services/php-7.3.5+3/bin/win32/ext\php_php_xmlrpc.dll.dll (Le module spécifié est introuvable.)) in Unknown on line 0
[08-Sep-2021 09:50:58 UTC] PHP Warning:  PHP Startup: Unable to load dynamic library 'php_xmlrpc.dll' (tried: C:/Users/scarl/AppData/Local/Programs/Local/resources/extraResources/lightning-services/php-7.3.5+3/bin/win32/ext\php_xmlrpc.dll (Le module spécifié est introuvable.), C:/Users/scarl/AppData/Local/Programs/Local/resources/extraResources/lightning-services/php-7.3.5+3/bin/win32/ext\php_php_xmlrpc.dll.dll (Le module spécifié est introuvable.)) in Unknown on line 0
[08-Sep-2021 09:50:58 UTC] PHP Warning:  PHP Startup: Unable to load dynamic library 'php_soap.dll' (tried: C:/Users/scarl/AppData/Local/Programs/Local/resources/extraResources/lightning-services/php-7.3.5+3/bin/win32/ext\php_soap.dll (Le module spécifié est introuvable.), C:/Users/scarl/AppData/Local/Programs/Local/resources/extraResources/lightning-services/php-7.3.5+3/bin/win32/ext\php_php_soap.dll.dll (Le module spécifié est introuvable.)) in Unknown on line 0
[08-Sep-2021 09:50:58 UTC] PHP Warning:  PHP Startup: Unable to load dynamic library 'php_soap.dll' (tried: C:/Users/scarl/AppData/Local/Programs/Local/resources/extraResources/lightning-services/php-7.3.5+3/bin/win32/ext\php_soap.dll (Le module spécifié est introuvable.), C:/Users/scarl/AppData/Local/Programs/Local/resources/extraResources/lightning-services/php-7.3.5+3/bin/win32/ext\php_php_soap.dll.dll (Le module spécifié est introuvable.)) in Unknown on line 0
[08-Sep-2021 09:50:58 UTC] PHP Warning:  PHP Startup: Unable to load dynamic library 'php_mysqli.dll' (tried: C:/Users/scarl/AppData/Local/Programs/Local/resources/extraResources/lightning-services/php-7.3.5+3/bin/win32/ext\php_mysqli.dll (Le module spécifié est introuvable.), C:/Users/scarl/AppData/Local/Programs/Local/resources/extraResources/lightning-services/php-7.3.5+3/bin/win32/ext\php_php_mysqli.dll.dll (Le module spécifié est introuvable.)) in Unknown on line 0
[08-Sep-2021 09:50:58 UTC] PHP Warning:  PHP Startup: Unable to load dynamic library 'php_mysqli.dll' (tried: C:/Users/scarl/AppData/Local/Programs/Local/resources/extraResources/lightning-services/php-7.3.5+3/bin/win32/ext\php_mysqli.dll (Le module spécifié est introuvable.), C:/Users/scarl/AppData/Local/Programs/Local/resources/extraResources/lightning-services/php-7.3.5+3/bin/win32/ext\php_php_mysqli.dll.dll (Le module spécifié est introuvable.)) in Unknown on line 0
[08-Sep-2021 09:50:58 UTC] PHP Warning:  PHP Startup: Unable to load dynamic library 'php_pdo_mysql.dll' (tried: C:/Users/scarl/AppData/Local/Programs/Local/resources/extraResources/lightning-services/php-7.3.5+3/bin/win32/ext\php_pdo_mysql.dll (Le module spécifié est introuvable.), C:/Users/scarl/AppData/Local/Programs/Local/resources/extraResources/lightning-services/php-7.3.5+3/bin/win32/ext\php_php_pdo_mysql.dll.dll (Le module spécifié est introuvable.)) in Unknown on line 0
[08-Sep-2021 09:50:58 UTC] PHP Warning:  PHP Startup: Unable to load dynamic library 'php_pdo_mysql.dll' (tried: C:/Users/scarl/AppData/Local/Programs/Local/resources/extraResources/lightning-services/php-7.3.5+3/bin/win32/ext\php_pdo_mysql.dll (Le module spécifié est introuvable.), C:/Users/scarl/AppData/Local/Programs/Local/resources/extraResources/lightning-services/php-7.3.5+3/bin/win32/ext\php_php_pdo_mysql.dll.dll (Le module spécifié est introuvable.)) in Unknown on line 0
[08-Sep-2021 09:50:59 UTC] PHP Fatal error:  Uncaught Error: Call to undefined function mysql_connect() in C:\Users\scarl\Local Sites\giteaureille\app\public\wp-includes\wp-db.php:1688
Stack trace:
#0 C:\Users\scarl\Local Sites\giteaureille\app\public\wp-includes\wp-db.php(632): wpdb->db_connect()
#1 C:\Users\scarl\Local Sites\giteaureille\app\public\wp-includes\load.php(545): wpdb->__construct('root', 'root', 'local', 'localhost')
#2 C:\Users\scarl\Local Sites\giteaureille\app\public\wp-settings.php(124): require_wp_db()
#3 phar://C:/Users/scarl/AppData/Local/Programs/Local/resources/extraResources/bin/wp-cli/wp-cli.phar/vendor/wp-cli/wp-cli/php/WP_CLI/Runner.php(1271): require('C:\\Users\\scarl\\...')
#4 phar://C:/Users/scarl/AppData/Local/Programs/Local/resources/extraResources/bin/wp-cli/wp-cli.phar/vendor/wp-cli/wp-cli/php/WP_CLI/Runner.php(1192): WP_CLI\Runner->load_wordpress()
#5 phar://C:/Users/scarl/AppData/Local/Programs/Local/resources/extraResources/bin/wp-cli/wp-cli.phar/vendor/wp-cli/wp-cli/php/WP_CLI/Bootstrap/LaunchRunner.php(23): WP_CLI in C:\Users\scarl\Local Sites\giteaureille\app\public\wp-includes\wp-db.php on line 1688
